<?xml version="1.0" encoding="UTF-8"?>
<!-- Generated by org.testng.reporters.JUnitReportReporter -->
<testsuite hostname="LAPTOP-LSEEGQNF" failures="0" tests="1" name="testNGPackage.AssertClass" time="3.178" errors="0" timestamp="2023-04-17T10:26:36 EDT" skipped="0">
  <testcase classname="testNGPackage.AssertClass" name="checkGoogleSite" time="3.178"/>
  <system-out/>
</testsuite> <!-- testNGPackage.AssertClass -->
