<?xml version="1.0" encoding="UTF-8"?>
<!-- Generated by org.testng.reporters.JUnitReportReporter -->
<testsuite hostname="LAPTOP-LSEEGQNF" failures="0" tests="3" name="testNGPackage.DependencyClass" time="17.363" errors="0" timestamp="2023-04-16T07:54:51 EDT" skipped="0">
  <testcase classname="testNGPackage.DependencyClass" name="openingCNBCSite" time="4.833"/>
  <system-out/>
  <testcase classname="testNGPackage.DependencyClass" name="openingAmazonSite" time="6.870"/>
  <system-out/>
  <testcase classname="testNGPackage.DependencyClass" name="openingYahooSite" time="5.660"/>
  <system-out/>
</testsuite> <!-- testNGPackage.DependencyClass -->
