<?xml version="1.0" encoding="UTF-8"?>
<!-- Generated by org.testng.reporters.JUnitReportReporter -->
<testsuite hostname="LAPTOP-LSEEGQNF" failures="0" tests="3" name="testNGPackage.DataProviderClass" time="14.458" errors="0" timestamp="2023-04-16T08:08:31 EDT" skipped="0">
  <testcase classname="testNGPackage.DataProviderClass" name="checking" time="4.054"/>
  <system-out/>
  <testcase classname="testNGPackage.DataProviderClass" name="checking" time="5.873"/>
  <system-out/>
  <testcase classname="testNGPackage.DataProviderClass" name="checking" time="4.531"/>
  <system-out/>
</testsuite> <!-- testNGPackage.DataProviderClass -->
