<?xml version="1.0" encoding="UTF-8"?>
<!-- Generated by org.testng.reporters.JUnitReportReporter -->
<testsuite hostname="LAPTOP-LSEEGQNF" failures="0" tests="3" name="testNGPackage.OpenWebsites" time="17.911" errors="0" timestamp="2023-04-15T09:25:17 EDT" skipped="0">
  <testcase classname="testNGPackage.OpenWebsites" name="openingAmazonSite" time="6.862"/>
  <system-out/>
  <testcase classname="testNGPackage.OpenWebsites" name="openingCnbcSite" time="5.114"/>
  <system-out/>
  <testcase classname="testNGPackage.OpenWebsites" name="openingYahooSite" time="5.935"/>
  <system-out/>
</testsuite> <!-- testNGPackage.OpenWebsites -->
