<?xml version="1.0" encoding="UTF-8"?>
<!-- Generated by org.testng.reporters.JUnitReportReporter -->
<testsuite hostname="LAPTOP-LSEEGQNF" failures="0" tests="1" name="testNGPackage.BeforeAfterClass" time="4.982" errors="0" timestamp="2023-04-16T08:03:49 EDT" skipped="0">
  <testcase classname="testNGPackage.BeforeAfterClass" name="performLogin" time="4.982"/>
  <system-out/>
</testsuite> <!-- testNGPackage.BeforeAfterClass -->
