<?xml version="1.0" encoding="UTF-8"?>
<!-- Generated by org.testng.reporters.JUnitReportReporter -->
<testsuite hostname="LAPTOP-LSEEGQNF" failures="0" tests="2" name="testNGPackage.LoginLandingBeforeAfterClass" time="7.216" errors="0" timestamp="2023-04-17T10:30:33 EDT" skipped="0">
  <testcase classname="testNGPackage.LoginLandingBeforeAfterClass" name="assertHomePage" time="2.037"/>
  <system-out/>
  <testcase classname="testNGPackage.LoginLandingBeforeAfterClass" name="performLogin" time="5.179"/>
  <system-out/>
</testsuite> <!-- testNGPackage.LoginLandingBeforeAfterClass -->
