<?xml version="1.0" encoding="UTF-8"?>
<!-- Generated by org.testng.reporters.JUnitReportReporter -->
<testsuite hostname="LAPTOP-LSEEGQNF" failures="0" tests="3" name="testNGPackage.PriorityTest" time="16.434" errors="0" timestamp="2023-04-15T09:28:47 EDT" skipped="0">
  <testcase classname="testNGPackage.PriorityTest" name="openingAmazonSite" time="6.560"/>
  <system-out/>
  <testcase classname="testNGPackage.PriorityTest" name="openingCNNBCSite" time="4.821"/>
  <system-out/>
  <testcase classname="testNGPackage.PriorityTest" name="openingYahooSite" time="5.053"/>
  <system-out/>
</testsuite> <!-- testNGPackage.PriorityTest -->
